Arguments: 
  /home/edwin/.local/state/woof/installs/nodejs/v16.15.0/files/bin/node /home/edwin/.local/state/woof/global/bin/yarn init vue@latest

PATH: 
  /home/edwin/.local/state/woof/global/bin:/home/edwin/.local/share/basalt/global/bin:/home/edwin/.local/share/basalt/source/pkg/bin:/home/edwin/.yarn/bin:/home/edwin/.local/share/wasmtime/bin:/home/edwin/.local/state/volta/bin:/home/edwin/.local/share/swiftenv/bin:/home/edwin/.local/share/cargo/bin:/home/edwin/.local/state/rbenv/shims:/home/edwin/.local/state/rbenv/bin:/home/edwin/.local/share/poetry/bin:/home/edwin/.local/share/plenv/bin:/home/edwin/.local/state/platformio/penv/bin:/home/edwin/.local/share/phpenv/bin:/home/edwin/.local/share/perl5/bin:/home/edwin/.local/share/nimble/bin:/home/edwin/.local/share/n/bin:/home/edwin/.local/state/krew/bin:/home/edwin/.local/share/ghcup/bin:/home/edwin/.local/share/gem/bin:/home/edwin/.local/share/dvm/bin:/home/edwin/.local/share/deno/bin/bin:/home/edwin/.local/share/deno/bin:/home/edwin/.local/share/cabal/bin:/home/edwin/.local/share/asdf/shims:/home/edwin/.local/share/asdf/bin:/home/edwin/Android/Sdk/platform-tools:/home/edwin/Android/Sdk/tools/bin:/home/edwin/Android/Sdk/tools:/home/edwin/Android/Sdk/emulator:/home/edwin/.local/bin:/home/edwin/.dots/.usr/bin:/usr/lib64/ccache:/usr/local/bin:/usr/local/sbin:/usr/bin:/usr/sbin:/home/edwin/.composer/vendor/bin:/home/edwin/.dotnet/tools

Yarn version: 
  1.22.18

Node version: 
  16.15.0

Platform: 
  linux x64

Trace: 
  Error: canceled
      at Interface.<anonymous> (/home/edwin/.local/state/woof/installs/nodejs/v17.9.0/files/lib/node_modules/yarn/lib/cli.js:137143:13)
      at Interface.emit (node:events:527:28)
      at Interface._ttyWrite (node:readline:1081:16)
      at ReadStream.onkeypress (node:readline:288:10)
      at ReadStream.emit (node:events:527:28)
      at emitKeys (node:internal/readline/utils:358:14)
      at emitKeys.next (<anonymous>)
      at ReadStream.onData (node:internal/readline/emitKeypressEvents:61:36)
      at ReadStream.emit (node:events:527:28)
      at addChunk (node:internal/streams/readable:315:12)

npm manifest: 
  No manifest

yarn manifest: 
  No manifest

Lockfile: 
  No lockfile
