Info: Setup called
Error: thing
Error: thing
Error: test-transaction 
Error: test-transaction 
Error: test-transaction 
Error: test-transaction 
Error: test-transaction 
Error: test-transaction 
Error: test-transaction 
Error: test-transaction 
Error: test-transaction 
Error: test-transaction 
Error: test-transaction 
Error: test-transaction 
Error: test-transaction test-transaction
Info: Setting up hyperupcall/salamis
Info: Setting up hyperupcall/cactus
Error: test-transaction test-transaction
Error: test-transaction test-transaction
Info: Setting up hyperupcall/salamis
Info: Setting up hyperupcall/cactus
Error: test-transaction test-transaction
Error: test-transaction test-transaction
Info: Setting up hyperupcall/salamis
Info: Setting up hyperupcall/cactus
Error: test-transaction test-transaction
Error: test-transaction test-transaction
Info: Setting up hyperupcall/salamis
Info: Setting up hyperupcall/cactus
Error: test-transaction test-transaction
Error: test-transaction test-transaction
Info: Setting up hyperupcall/salamis
Info: Setting up hyperupcall/cactus
Error: test-transaction test-transaction
Error: test-transaction test-transaction
Info: Setting up hyperupcall/salamis
Info: Setting up hyperupcall/cactus
Error: test-transaction test-transaction
Error: test-transaction test-transaction
Info: Setting up hyperupcall/salamis
Info: Setting up hyperupcall/cactus
Error: test-transaction test-transaction
Error: test-transaction test-transaction
Info: Setting up hyperupcall/salamis
Info: Setting up hyperupcall/cactus
Error: test-transaction test-transaction
Error: test-transaction test-transaction
Info: Setting up hyperupcall/salamis
Info: Setting up hyperupcall/cactus
Error: test-transaction test-transaction
Error: test-transaction test-transaction
Info: Setting up hyperupcall/salamis
Info: Setting up hyperupcall/cactus
Error: test-transaction test-transaction
Error: test-transaction test-transaction
Info: Setting up hyperupcall/salamis
Info: Setting up hyperupcall/cactus
Error: test-transaction test-transaction
Error: test-transaction test-transaction
Info: Setting up hyperupcall/salamis
Info: Setting up hyperupcall/cactus
Error: test-transaction test-transaction
Error: test-transaction test-transaction
Info: Setting up hyperupcall/salamis
Info: Setting up hyperupcall/cactus
Error: test-transaction test-transaction
Error: test-transaction test-transaction
Info: Setting up hyperupcall/salamis
Info: Setting up hyperupcall/cactus
Error: test-transaction test-transaction
Error: test-transaction test-transaction
Info: Setting up hyperupcall/salamis
Info: Setting up hyperupcall/cactus
Error: test-transaction test-transaction
Error: test-transaction test-transaction
Info: Setting up hyperupcall/salamis
Info: Setting up hyperupcall/cactus
Error: test-transaction test-transaction
Error: test-transaction test-transaction
Info: Setting up hyperupcall/salamis
Info: Setting up hyperupcall/cactus
Error: test-transaction test-transaction
Error: test-transaction test-transaction
Info: Setting up hyperupcall/salamis
Info: Setting up hyperupcall/cactus
Error: test-transaction test-transaction
Error: test-transaction test-transaction
Info: Setting up hyperupcall/salamis
Info: Setting up hyperupcall/cactus
Error: test-transaction test-transaction
Error: test-transaction test-transaction
Info: Setting up hyperupcall/salamis
Info: Setting up hyperupcall/cactus
Error: test-transaction test-transaction
Error: test-transaction test-transaction
Info: Setting up hyperupcall/salamis
Info: Setting up hyperupcall/cactus
Error: test-transaction test-transaction
Error: test-transaction test-transaction
Info: Setting up hyperupcall/salamis
Info: Setting up hyperupcall/cactus
Error: test-transaction test-transaction
Error: test-transaction test-transaction
Info: Setting up hyperupcall/salamis
Info: Setting up hyperupcall/cactus
Error: test-transaction test-transaction
Error: test-transaction test-transaction
Info: Setting up hyperupcall/salamis
Info: Setting up hyperupcall/cactus
Error: test-transaction test-transaction
Error: test-transaction test-transaction
Info: Setting up hyperupcall/salamis
Info: Setting up hyperupcall/cactus
Error: test-transaction test-transaction
Error: test-transaction test-transaction
Info: Setting up hyperupcall/salamis
Info: Setting up hyperupcall/cactus
Error: test-transaction test-transaction
Error: test-transaction test-transaction
Info: Setting up hyperupcall/salamis
Info: Setting up hyperupcall/cactus
Error: test-transaction test-transaction
Error: test-transaction test-transaction
Info: Setting up hyperupcall/salamis
Info: Setting up hyperupcall/cactus
Error: test-transaction test-transaction
Error: test-transaction test-transaction
Info: Setting up hyperupcall/salamis
Info: Setting up hyperupcall/cactus
Error: test-transaction test-transaction
Error: test-transaction test-transaction
Info: Setting up hyperupcall/salamis
Info: Setting up hyperupcall/cactus
Error: test-transaction test-transaction
Error: test-transaction test-transaction
Info: Setting up hyperupcall/salamis
Info: Setting up hyperupcall/cactus
Error: test-transaction test-transaction
Error: test-transaction test-transaction
Info: Setting up hyperupcall/salamis
Info: Setting up hyperupcall/cactus
Error: test-transaction test-transaction
Error: test-transaction test-transaction
Info: Setting up hyperupcall/salamis
Info: Setting up hyperupcall/cactus
Error: test-transaction test-transaction
Error: test-transaction test-transaction
Info: Setting up hyperupcall/salamis
Info: Setting up hyperupcall/cactus
Error: test-transaction test-transaction
Error: test-transaction test-transaction
Info: Setting up hyperupcall/salamis
Info: Setting up hyperupcall/cactus
Error: test-transaction test-transaction
Error: test-transaction test-transaction
Info: Setting up hyperupcall/salamis
Info: Setting up hyperupcall/cactus
Error: test-transaction test-transaction
Error: test-transaction test-transaction
Info: Setting up hyperupcall/salamis
Info: Setting up hyperupcall/cactus
Error: test-transaction test-transaction
Error: test-transaction test-transaction
Info: Setting up hyperupcall/salamis
Info: Setting up hyperupcall/cactus
Error: test-transaction test-transaction
Error: test-transaction test-transaction
Info: Setting up hyperupcall/salamis
Info: Setting up hyperupcall/cactus
Error: test-transaction test-transaction
Error: test-transaction test-transaction
Info: Setting up hyperupcall/salamis
Info: Setting up hyperupcall/cactus
Error: test-transaction test-transaction
Error: test-transaction test-transaction
Info: Setting up hyperupcall/salamis
Info: Setting up hyperupcall/cactus
Error: test-transaction test-transaction
Error: test-transaction test-transaction
Info: Setting up hyperupcall/salamis
Info: Setting up hyperupcall/cactus
Error: test-transaction test-transaction
Error: test-transaction test-transaction
Info: Setting up hyperupcall/salamis
Info: Setting up hyperupcall/cactus
Error: test-transaction test-transaction
Error: test-transaction test-transaction
Info: Setting up hyperupcall/salamis
Info: Setting up hyperupcall/cactus
Error: test-transaction test-transaction
Error: test-transaction test-transaction
Info: Setting up hyperupcall/salamis
Info: Setting up hyperupcall/cactus
Error: test-transaction test-transaction
Error: test-transaction test-transaction
Info: Setting up hyperupcall/salamis
Info: Setting up hyperupcall/cactus
Error: test-transaction test-transaction
Error: test-transaction test-transaction
Debug: get diff /storage/ur/storage_home/Docs/Programming/repos/redpanda/server
Debug: get diff /storage/ur/storage_home/Docs/Programming/repos/redpanda/server
Debug: get diff /home/edwin/.local/share/redpanda/downloads/hyperupcall/salamis
Debug: get diff /home/edwin/.local/share/redpanda/downloads/hyperupcall/cactus
Trace: git fetch: hyperupcall/salamis
Trace: git merge-base: hyperupcall/salamis
Trace: git reset: hyperupcall/salamis
Trace: git pull: hyperupcall/salamis
Trace: git fetch: hyperupcall/cactus
Trace: git merge-base: hyperupcall/cactus
Trace: git reset: hyperupcall/cactus
Trace: git pull: hyperupcall/cactus
Trace: git fetch: hyperupcall/salamis
Trace: git merge-base: hyperupcall/salamis
Trace: git reset: hyperupcall/salamis
Trace: git pull: hyperupcall/salamis
Trace: git fetch: hyperupcall/cactus
Trace: git merge-base: hyperupcall/cactus
Trace: git reset: hyperupcall/cactus
Trace: git pull: hyperupcall/cactus
Trace: git fetch: hyperupcall/salamis
Trace: git merge-base: hyperupcall/salamis
Trace: git reset: hyperupcall/salamis
Trace: git pull: hyperupcall/salamis
Trace: git fetch: hyperupcall/cactus
Trace: git merge-base: hyperupcall/cactus
Trace: git reset: hyperupcall/cactus
Trace: git pull: hyperupcall/cactus
Trace: transaction-repo: Adding
